Xunlu/proguard/seeds.txt
com.rtm.frm.AR.ARCircleView
com.rtm.frm.AR.ARCircleView: ARCircleView(android.content.Context)
com.rtm.frm.AR.ARCircleView: ARCircleView(android.content.Context,android.util.AttributeSet)
com.rtm.frm.AR.ARTestDialogFragment
com.rtm.frm.AR.ARTestDialogFragment: void onClick(android.view.View)
com.rtm.frm.AR.ARTestDialogFragment$4: void onClick(android.view.View)
com.rtm.frm.XunluApplication
com.rtm.frm.XunluApplication: XunluApplication()
com.rtm.frm.activity.BaseActivity
com.rtm.frm.activity.BaseActivity: BaseActivity()
com.rtm.frm.activity.GuideActivity
com.rtm.frm.activity.SplashActivity
com.rtm.frm.activity.SplashActivity: SplashActivity()
com.rtm.frm.adapter.NavViewPagerAdapter
com.rtm.frm.arar.ARGuideActivity
com.rtm.frm.arar.ARGuideActivity: ARGuideActivity()
com.rtm.frm.arar.ARGuideActivity: void onClick(android.view.View)
com.rtm.frm.arar.ARShowActivity
com.rtm.frm.arar.ARShowActivity: ARShowActivity()
com.rtm.frm.arar.ARShowActivity: void onClick(android.view.View)
com.rtm.frm.arar.ARShowActivity$10: void onClick(android.view.View)
com.rtm.frm.arar.ARShowActivity$10$1
com.rtm.frm.arar.ARShowActivity$6: void onClick(android.view.View)
com.rtm.frm.arar.ARShowActivity$7: void onClick(android.view.View)
com.rtm.frm.arar.ARShowActivity$8: void onClick(android.view.View)
com.rtm.frm.arar.ARShowActivity$8$1
com.rtm.frm.arar.ARShowActivity$9: void onClick(android.view.View)
com.rtm.frm.database.XunluProvider
com.rtm.frm.database.XunluProvider: XunluProvider()
com.rtm.frm.dialogfragment.BaseDialogFragment
com.rtm.frm.dialogfragment.LoadingFragment
com.rtm.frm.dialogfragment.UpdateAlertDialogFragment
com.rtm.frm.dialogfragment.typechoose.ChooseDialogFragment
com.rtm.frm.dialogfragment.typechoose.ChooseDialogFragment: void onClick(android.view.View)
com.rtm.frm.fragment.BaseFragment
com.rtm.frm.fragment.buildlist.BuildListFragment
com.rtm.frm.fragment.buildlist.BuildListFragment: void onClick(android.view.View)
com.rtm.frm.fragment.buildlist.BuildListFragment$1: void onClick(android.view.View)
com.rtm.frm.fragment.buildlist.CitysFragment
com.rtm.frm.fragment.controller.MyFragmentManager
com.rtm.frm.fragment.find.BZListFragment
com.rtm.frm.fragment.find.BZListFragment: void onClick(android.view.View)
com.rtm.frm.fragment.find.FindFailFragment
com.rtm.frm.fragment.find.FindFailFragment: void onClick(android.view.View)
com.rtm.frm.fragment.find.FindFragment
com.rtm.frm.fragment.find.FindFragment: void onClick(android.view.View)
com.rtm.frm.fragment.find.SectorView
com.rtm.frm.fragment.find.SectorView: SectorView(android.content.Context)
com.rtm.frm.fragment.find.SectorView: SectorView(android.content.Context,android.util.AttributeSet)
com.rtm.frm.fragment.find.SuccessFragment
com.rtm.frm.fragment.find.SuccessFragment: void onClick(android.view.View)
com.rtm.frm.fragment.map.BaiduMapFragment
com.rtm.frm.fragment.map.BaiduMapFragment$1: void onClick(android.view.View)
com.rtm.frm.fragment.map.BaiduMapFragment$2: void onClick(android.view.View)
com.rtm.frm.fragment.map.BaiduMapFragment$5: void onClick(android.view.View)
com.rtm.frm.fragment.map.BaiduMapFragment$6: void onClick(android.view.View)
com.rtm.frm.fragment.map.BaiduMapFragment$7: void onClick(android.view.View)
com.rtm.frm.fragment.map.FloorChangeFragment
com.rtm.frm.fragment.map.NavImgFragment
com.rtm.frm.fragment.map.NavImgFragment: void onClick(android.view.View)
com.rtm.frm.fragment.map.PoiDetailFragment
com.rtm.frm.fragment.map.PoiDetailFragment: void onClick(android.view.View)
com.rtm.frm.fragment.map.PoiDetailFragment$1: void onClick(android.view.View)
com.rtm.frm.fragment.map.RtmapSearchFragment
com.rtm.frm.fragment.mine.AboutDialogFragment
com.rtm.frm.fragment.mine.AboutDialogFragment: void onClick(android.view.View)
com.rtm.frm.fragment.mine.LoginDialogFragment
com.rtm.frm.fragment.mine.LoginDialogFragment: void onClick(android.view.View)
...
com.baidu.mapapi.utils.d
com.baidu.mapapi.utils.d: java.lang.String a
com.baidu.mapapi.utils.d: java.lang.String b
com.baidu.mapapi.utils.d: java.lang.String c
com.baidu.mapapi.utils.d: java.lang.String d
com.baidu.mapapi.utils.d: java.lang.String e
com.baidu.mapapi.utils.d: d(java.lang.String,java.lang.String,android.content.Context)
com.baidu.mapapi.utils.d: d(android.content.Context)
com.baidu.mapapi.utils.d: java.lang.String a()
com.baidu.mapapi.utils.d: java.lang.String b()
com.baidu.mapapi.utils.d: java.lang.String c()
com.baidu.mapapi.utils.d: java.lang.String d()
com.baidu.mapapi.utils.d: boolean equals(java.lang.Object)
com.baidu.mapapi.utils.e
com.baidu.mapapi.utils.e: com.baidu.mapapi.utils.e a
com.baidu.mapapi.utils.e: boolean b
com.baidu.mapapi.utils.e: boolean c
com.baidu.mapapi.utils.e: java.util.List d
com.baidu.mapapi.utils.e: com.baidu.mapapi.utils.d e
com.baidu.mapapi.utils.e: java.lang.String f
com.baidu.mapapi.utils.e: com.baidu.mapapi.utils.e a()
com.baidu.mapapi.utils.e: e()
com.baidu.mapapi.utils.e: void a(android.content.Context)
com.baidu.mapapi.utils.e: void c(android.content.Context)
com.baidu.mapapi.utils.e: void d(android.content.Context)
com.baidu.mapapi.utils.e: com.baidu.mapapi.utils.d b()
com.baidu.mapapi.utils.e: com.baidu.mapapi.utils.d b(android.content.Context)
com.baidu.mapapi.utils.e: boolean a(android.content.Context,com.baidu.mapapi.utils.d)
com.baidu.mapapi.utils.e: boolean a(java.lang.String)
com.baidu.mapapi.utils.e: void <clinit>()
com.baidu.platform.comapi.a
com.baidu.platform.comapi.a: java.lang.String a
com.baidu.platform.comapi.a: a()
com.baidu.platform.comapi.a: void onReceive(android.content.Context,android.content.Intent)
com.baidu.platform.comapi.a: void a(android.content.Context)
com.baidu.platform.comapi.a: void <clinit>()
com.baidu.platform.comapi.a.a
com.baidu.platform.comapi.a.a: int a
com.baidu.platform.comapi.a.a: com.baidu.platform.comapi.a.d b
com.baidu.platform.comapi.a.a: com.baidu.platform.comapi.a.d c
com.baidu.platform.comapi.a.a: java.util.ArrayList d
com.baidu.platform.comapi.a.a: a()
com.baidu.platform.comapi.a.b
com.baidu.platform.comapi.a.b: int a
com.baidu.platform.comapi.a.b: int b
com.baidu.platform.comapi.a.b: b(int,int)
com.baidu.platform.comapi.a.b: int a()
com.baidu.platform.comapi.a.b: int b()
com.baidu.platform.comapi.a.b: void a(int)
com.baidu.platform.comapi.a.b: void b(int)
com.baidu.platform.comapi.a.b: java.lang.String toString()
com.baidu.platform.comapi.a.b: boolean equals(java.lang.Object)
com.baidu.platform.comapi.a.c
com.baidu.platform.comapi.a.c: com.baidu.platform.comapi.a.d a
com.baidu.platform.comapi.a.c: com.baidu.platform.comapi.a.d b
com.baidu.platform.comapi.a.c: c()
com.baidu.platform.comapi.a.c: void a(com.baidu.platform.comapi.a.d)
com.baidu.platform.comapi.a.c: void b(com.baidu.platform.comapi.a.d)
com.baidu.platform.comapi.a.d
com.baidu.platform.comapi.a.d: int a
com.baidu.platform.comapi.a.d: int b
com.baidu.platform.comapi.a.d: d()
com.baidu.platform.comapi.a.d: d(int,int)
com.baidu.platform.comapi.a.d: int a()
com.baidu.platform.comapi.a.d: void a(int)
com.baidu.platform.comapi.a.d: int b()
com.baidu.platform.comapi.a.d: void b(int)
com.baidu.platform.comapi.a.d: java.lang.String toString()
com.baidu.platform.comapi.a.d: int hashCode()
com.baidu.platform.comapi.a.d: boolean equals(java.lang.Object)
com.baidu.platform.comapi.b.a
com.baidu.platform.comapi.b.a: int a
com.baidu.platform.comapi.b.a: com.baidu.platform.comapi.a.d b
com.baidu.platform.comapi.b.a: java.lang.String c
com.baidu.platform.comapi.b.a: java.lang.String d
com.baidu.platform.comapi.b.a: a()