Xunlu/proguard/mapping.txt
com.rtm.frm.AR.ARCircleView -> com.rtm.frm.AR.ARCircleView:
    android.graphics.Paint paint -> a
    void onDraw(android.graphics.Canvas) -> onDraw
com.rtm.frm.AR.ARTestDialogFragment -> com.rtm.frm.AR.ARTestDialogFragment:
    android.hardware.SensorManager mSensorManager -> o
    android.hardware.Sensor mOrientationSensor -> p
    android.hardware.Camera camera -> q
    android.hardware.Camera$Parameters parameters -> r
    boolean mStopDrawing -> a
    boolean mStopUpdatePois -> b
    boolean mStopUpdateSelect -> c
    android.widget.TextView tvAngle -> d
    android.widget.Button btClose -> e
    android.view.View contentView -> f
    android.view.SurfaceView surfaceView -> g
    android.widget.RelativeLayout relItems -> h
    android.widget.TextView distance -> i
    com.rtm.frm.AR.drawView drawView -> j
    android.os.Handler mHandler -> k
    java.lang.Runnable runCompass -> l
    android.hardware.SensorEventListener sensorEventListener -> s
    android.view.View onCreateView(android.view.LayoutInflater,android.view.ViewGroup,android.os.Bundle) -> onCreateView
    void onViewCreated(android.view.View,android.os.Bundle) -> onViewCreated
    void onClick(android.view.View) -> onClick
    void onDestroy() -> onDestroy
    void access$0(com.rtm.frm.AR.ARTestDialogFragment,java.lang.String) -> a
    android.content.Context access$1(com.rtm.frm.AR.ARTestDialogFragment) -> a
    android.hardware.Camera access$2(com.rtm.frm.AR.ARTestDialogFragment) -> b
    void access$3(com.rtm.frm.AR.ARTestDialogFragment,android.hardware.Camera$Parameters) -> a
com.rtm.frm.AR.ARTestDialogFragment$1 -> com.rtm.frm.AR.a:
    com.rtm.frm.AR.ARTestDialogFragment this$0 -> a
    void handleMessage(android.os.Message) -> handleMessage
com.rtm.frm.AR.ARTestDialogFragment$2 -> com.rtm.frm.AR.b:
    com.rtm.frm.AR.ARTestDialogFragment this$0 -> a
    void run() -> run
com.rtm.frm.AR.ARTestDialogFragment$3 -> com.rtm.frm.AR.c:
    com.rtm.frm.AR.ARTestDialogFragment this$0 -> a
    void onSensorChanged(android.hardware.SensorEvent) -> onSensorChanged
    void onAccuracyChanged(android.hardware.Sensor,int) -> onAccuracyChanged
com.rtm.frm.AR.ARTestDialogFragment$4 -> com.rtm.frm.AR.d:
    com.rtm.frm.AR.ARTestDialogFragment this$0 -> a
    void onClick(android.view.View) -> onClick
com.rtm.frm.AR.ARTestDialogFragment$SurfaceCallback -> com.rtm.frm.AR.e:
    com.rtm.frm.AR.ARTestDialogFragment this$0 -> a
    void surfaceChanged(android.view.SurfaceHolder,int,int,int) -> surfaceChanged
    void surfaceCreated(android.view.SurfaceHolder) -> surfaceCreated
    void surfaceDestroyed(android.view.SurfaceHolder) -> surfaceDestroyed
com.rtm.frm.AR.ARTestManager -> com.rtm.frm.AR.f:
    java.util.List targetInfos -> a
    com.rtm.frm.AR.ARTestManager mInstance -> t
    java.lang.Float defaultDisplayTargetDisance -> b
    boolean isInARMode -> c
    java.lang.Float mapDegree -> d
    int statusBarHeight -> e
    int screenWidth -> f
    int screenHeight -> g
    float sensorX -> h
    float sensorY -> i
    float mapx -> j
    float mapy -> k
    int selected -> l
    float navix -> m
    float naviy -> n
    java.util.List arItemsList -> o
    java.util.List arNaviList -> p
    java.util.ArrayList navigatePoints -> q
    com.rtm.frm.AR.ARTestManager getInstance() -> a
    void updatePois() -> b
    void updateSelect() -> c
    float getMyDegree(float,float) -> b
    float getDistance(float,float) -> a
    java.lang.Float getDegree(float,float,float,float) -> a
    int getPreviewDegree(int) -> a
...
android.support.v4.graphics.drawable.DrawableCompat$BaseDrawableImpl -> android.support.v4.graphics.drawable.DrawableCompat$BaseDrawableImpl:
    void jumpToCurrentState(android.graphics.drawable.Drawable) -> jumpToCurrentState
    void setAutoMirrored(android.graphics.drawable.Drawable,boolean) -> setAutoMirrored
    boolean isAutoMirrored(android.graphics.drawable.Drawable) -> isAutoMirrored
android.support.v4.graphics.drawable.DrawableCompat$DrawableImpl -> android.support.v4.graphics.drawable.DrawableCompat$DrawableImpl:
    void jumpToCurrentState(android.graphics.drawable.Drawable) -> jumpToCurrentState
    void setAutoMirrored(android.graphics.drawable.Drawable,boolean) -> setAutoMirrored
    boolean isAutoMirrored(android.graphics.drawable.Drawable) -> isAutoMirrored
android.support.v4.graphics.drawable.DrawableCompat$HoneycombDrawableImpl -> android.support.v4.graphics.drawable.DrawableCompat$HoneycombDrawableImpl:
    void jumpToCurrentState(android.graphics.drawable.Drawable) -> jumpToCurrentState
android.support.v4.graphics.drawable.DrawableCompat$KitKatDrawableImpl -> android.support.v4.graphics.drawable.DrawableCompat$KitKatDrawableImpl:
    void setAutoMirrored(android.graphics.drawable.Drawable,boolean) -> setAutoMirrored
    boolean isAutoMirrored(android.graphics.drawable.Drawable) -> isAutoMirrored
android.support.v4.graphics.drawable.DrawableCompatHoneycomb -> android.support.v4.graphics.drawable.DrawableCompatHoneycomb:
    void jumpToCurrentState(android.graphics.drawable.Drawable) -> jumpToCurrentState
android.support.v4.graphics.drawable.DrawableCompatKitKat -> android.support.v4.graphics.drawable.DrawableCompatKitKat:
    void setAutoMirrored(android.graphics.drawable.Drawable,boolean) -> setAutoMirrored
    boolean isAutoMirrored(android.graphics.drawable.Drawable) -> isAutoMirrored
android.support.v4.hardware.display.DisplayManagerCompat -> android.support.v4.hardware.display.DisplayManagerCompat:
    java.util.WeakHashMap sInstances -> sInstances
    java.lang.String DISPLAY_CATEGORY_PRESENTATION -> DISPLAY_CATEGORY_PRESENTATION
    android.support.v4.hardware.display.DisplayManagerCompat getInstance(android.content.Context) -> getInstance
    android.view.Display getDisplay(int) -> getDisplay
    android.view.Display[] getDisplays() -> getDisplays
    android.view.Display[] getDisplays(java.lang.String) -> getDisplays
android.support.v4.hardware.display.DisplayManagerCompat$JellybeanMr1Impl -> android.support.v4.hardware.display.DisplayManagerCompat$JellybeanMr1Impl:
    java.lang.Object mDisplayManagerObj -> mDisplayManagerObj
    android.view.Display getDisplay(int) -> getDisplay
    android.view.Display[] getDisplays() -> getDisplays
    android.view.Display[] getDisplays(java.lang.String) -> getDisplays
android.support.v4.hardware.display.DisplayManagerCompat$LegacyImpl -> android.support.v4.hardware.display.DisplayManagerCompat$LegacyImpl:
    android.view.WindowManager mWindowManager -> mWindowManager
    android.view.Display getDisplay(int) -> getDisplay
    android.view.Display[] getDisplays() -> getDisplays
    android.view.Display[] getDisplays(java.lang.String) -> getDisplays
android.support.v4.hardware.display.DisplayManagerJellybeanMr1 -> android.support.v4.hardware.display.DisplayManagerJellybeanMr1:
    java.lang.Object getDisplayManager(android.content.Context) -> getDisplayManager
    android.view.Display getDisplay(java.lang.Object,int) -> getDisplay
    android.view.Display[] getDisplays(java.lang.Object) -> getDisplays
    android.view.Display[] getDisplays(java.lang.Object,java.lang.String) -> getDisplays
android.support.v4.internal.view.SupportMenu -> android.support.v4.internal.view.SupportMenu:
    int USER_MASK -> USER_MASK
    int USER_SHIFT -> USER_SHIFT
    int CATEGORY_MASK -> CATEGORY_MASK
    int CATEGORY_SHIFT -> CATEGORY_SHIFT