Xunlu/proguard/usage.txt
com.rtm.frm.AR.AROverlayItem
com.rtm.frm.AR.ARTestManager:
    public static final int eyeDegree
    public static final int eyeDegreeOutScreen
    public static final int maxDisance
    66:67:public static void setNullInstance()
    71:71:protected void initManager()
    75:75:protected void DestroyManager()
com.rtm.frm.AR.arPoiItem:
    private java.lang.String msgTurn
    private java.lang.String targetFloor
    62:63:public void setRouteInfo(java.lang.String)
    65:65:public java.lang.String getRouteInfo()
    77:78:public void setTargetFloor(java.lang.String)
    80:80:public java.lang.String getTargetFloor()
    88:88:public float getDistance()
com.rtm.frm.AR.drawView:
    public static final float lineWidth1
    public static final float linewidth2
com.rtm.frm.BuildConfig
com.rtm.frm.R:
    10:10:public R()
com.rtm.frm.R$anim
com.rtm.frm.R$attr
com.rtm.frm.R$color
com.rtm.frm.R$dimen
com.rtm.frm.R$drawable
com.rtm.frm.R$id
com.rtm.frm.R$layout
com.rtm.frm.R$menu
com.rtm.frm.R$string
com.rtm.frm.R$style
com.rtm.frm.R$styleable:
    public static final int rtmap_navLeftImg
    public static final int rtmap_navLeftImgHeight
    public static final int rtmap_navLeftImgWidth
    public static final int rtmap_navLeftText
    public static final int rtmap_navPaddingLeft
    public static final int rtmap_navPaddingRight
    public static final int rtmap_navRightImg
    public static final int rtmap_navRightImgHeight
    public static final int rtmap_navRightImgWidth
    public static final int rtmap_navRightText
    public static final int rtmap_navTitleText
    1008:1008:public R$styleable()
com.rtm.frm.RouteLayer:
    private int moveNo
    private com.rtm.frm.RouteLayer$OnPopupPositionChangedListener mOnPopupPositionChangedListener
    private com.rtm.frm.RouteLayer$OnFloorChangedListener mFloorChangedListener
    private com.rtm.frm.RouteLayer$OnIsEndListener mOnIsEndListener
    private boolean istap
    56:56:public java.util.ArrayList getmNavigatePoints()
    172:172:public int getNavigatePointSize()
    177:178:public void setOnPopupPositionChangedListener(com.rtm.frm.RouteLayer$OnPopupPositionChangedListener)
    181:182:public void setOnIsEndListener(com.rtm.frm.RouteLayer$OnIsEndListener)
    185:186:public void setOnFloorChangedListener(com.rtm.frm.RouteLayer$OnFloorChangedListener)
    193:193:public float getDistance()
    197:260:public void setPopupPosition(int)
    263:263:public int getPopupPosition()
    632:663:private void drawPopup(android.graphics.Canvas,int)
    732:765:private void drawStartEndIcon(android.graphics.Canvas)
    825:870:private void calculatePopupRect(int,android.graphics.Rect)
    873:904:private void calculateTextBound(android.graphics.Rect,com.rtm.frm.map.data.Point,int)
    1065:1079:public void isend(com.rtm.frm.map.data.Location)
    1539:1540:public void setFloorList(java.util.ArrayList)
com.rtm.frm.RouteLayer$1lift
com.rtm.frm.RouteLayer$CanvaPoint
com.rtm.frm.RouteLayer$OnFloorChangedListener
com.rtm.frm.RouteLayer$OnIsEndListener
com.rtm.frm.RouteLayer$OnPopupPositionChangedListener
com.rtm.frm.XunluApplication:
    public static boolean LocationIsRun
    122:123:public void addActivity(android.app.Activity)
    128:137:public static void exit()
    150:151:public void setBuildType(java.lang.String)
com.rtm.frm.adapter.CouponGalleryAdapter
com.rtm.frm.adapter.CouponGalleryAdapter$AnimateFirstDisplayListener
com.rtm.frm.adapter.CouponGalleryAdapter$ViewHolder
com.rtm.frm.arar.ARShowActivity:
    public static final int SHOW_ROUTE
    public static final int NOT_SHOW_ROUTE
    public static final int SHOW_END_ICON
    public static final int FETCHROUTE_FAIL
    public static final int NET_ERROR
com.rtm.frm.arar.ARShowActivity$5:
    351:359:public void onProgressChanged(com.rtm.frm.view.MySeekBar,int,boolean)
...
android.support.annotation.AnimRes
android.support.annotation.AnimatorRes
android.support.annotation.AnyRes
android.support.annotation.ArrayRes
android.support.annotation.AttrRes
android.support.annotation.BoolRes
android.support.annotation.ColorRes
android.support.annotation.DimenRes
android.support.annotation.DrawableRes
android.support.annotation.FractionRes
android.support.annotation.IdRes
android.support.annotation.IntDef
android.support.annotation.IntegerRes
android.support.annotation.InterpolatorRes
android.support.annotation.LayoutRes
android.support.annotation.MenuRes
android.support.annotation.NonNull
android.support.annotation.Nullable
android.support.annotation.PluralsRes
android.support.annotation.RawRes
android.support.annotation.StringDef
android.support.annotation.StringRes
android.support.annotation.StyleRes
android.support.annotation.StyleableRes
android.support.annotation.XmlRes
com.alibaba.fastjson.JSON:
    public static final java.lang.String VERSION
    85:85:public static final java.lang.Object parse(java.lang.String)
    89:100:public static final java.lang.Object parse(java.lang.String,int)
    104:104:public static final varargs java.lang.Object parse(byte[],com.alibaba.fastjson.parser.Feature[])
    108:117:public static final varargs java.lang.Object parse(byte[],int,int,java.nio.charset.CharsetDecoder,com.alibaba.fastjson.parser.Feature[])
    121:139:public static final java.lang.Object parse(byte[],int,int,java.nio.charset.CharsetDecoder,int)
    143:148:public static final varargs java.lang.Object parse(java.lang.String,com.alibaba.fastjson.parser.Feature[])
    152:152:public static final varargs com.alibaba.fastjson.JSONObject parseObject(java.lang.String,com.alibaba.fastjson.parser.Feature[])
    156:161:public static final com.alibaba.fastjson.JSONObject parseObject(java.lang.String)
    166:166:public static final varargs java.lang.Object parseObject(java.lang.String,com.alibaba.fastjson.TypeReference,com.alibaba.fastjson.parser.Feature[])
    176:176:public static final varargs java.lang.Object parseObject(java.lang.String,java.lang.reflect.Type,com.alibaba.fastjson.parser.Feature[])
    181:196:public static final varargs java.lang.Object parseObject(java.lang.String,java.lang.reflect.Type,int,com.alibaba.fastjson.parser.Feature[])
com.alibaba.fastjson.JSONArray:
    private static final long serialVersionUID
    63:65:public JSONArray(int)
    180:186:public com.alibaba.fastjson.JSONObject getJSONObject(int)
    190:196:public com.alibaba.fastjson.JSONArray getJSONArray(int)
    200:201:public java.lang.Object getObject(int,java.lang.Class)
    205:211:public java.lang.Boolean getBoolean(int)
    215:221:public boolean getBooleanValue(int)
    225:227:public java.lang.Byte getByte(int)
    231:237:public byte getByteValue(int)
    241:243:public java.lang.Short getShort(int)
    247:253:public short getShortValue(int)
    263:269:public int getIntValue(int)
    279:285:public long getLongValue(int)
    289:291:public java.lang.Float getFloat(int)
    295:301:public float getFloatValue(int)
    305:307:public java.lang.Double getDouble(int)
    311:317:public double getDoubleValue(int)
    321:323:public java.math.BigDecimal getBigDecimal(int)
    327:329:public java.math.BigInteger getBigInteger(int)
    333:335:public java.lang.String getString(int)
    339:341:public java.util.Date getDate(int)
    345:347:public java.sql.Date getSqlDate(int)
    351:353:public java.sql.Timestamp getTimestamp(int)
com.alibaba.fastjson.JSONException:
    private static final long serialVersionUID